WARNING:__main__:
*****************************************
Setting OMP_NUM_THREADS environment variable for each process to be 1 in default, to avoid your system being overloaded, please further tune the variable for optimal performance in your application as needed. 
*****************************************
/MAHTI_TYKKY_SzhgKad/miniforge/envs/env1/lib/python3.8/site-packages/torchvision/datapoints/__init__.py:12: UserWarning: The torchvision.datapoints and torchvision.transforms.v2 namespaces are still Beta. While we do not expect major breaking changes, some APIs may still change according to user feedback. Please submit any feedback you may have in this issue: https://github.com/pytorch/vision/issues/6753, and you can also check out https://github.com/pytorch/vision/issues/7319 to learn more about the APIs that we suspect might involve future changes. You can silence this warning by calling torchvision.disable_beta_transforms_warning().
  warnings.warn(_BETA_TRANSFORMS_WARNING)
/MAHTI_TYKKY_SzhgKad/miniforge/envs/env1/lib/python3.8/site-packages/torchvision/datapoints/__init__.py:12: UserWarning: The torchvision.datapoints and torchvision.transforms.v2 namespaces are still Beta. While we do not expect major breaking changes, some APIs may still change according to user feedback. Please submit any feedback you may have in this issue: https://github.com/pytorch/vision/issues/6753, and you can also check out https://github.com/pytorch/vision/issues/7319 to learn more about the APIs that we suspect might involve future changes. You can silence this warning by calling torchvision.disable_beta_transforms_warning().
  warnings.warn(_BETA_TRANSFORMS_WARNING)
/MAHTI_TYKKY_SzhgKad/miniforge/envs/env1/lib/python3.8/site-packages/torchvision/datapoints/__init__.py:12: UserWarning: The torchvision.datapoints and torchvision.transforms.v2 namespaces are still Beta. While we do not expect major breaking changes, some APIs may still change according to user feedback. Please submit any feedback you may have in this issue: https://github.com/pytorch/vision/issues/6753, and you can also check out https://github.com/pytorch/vision/issues/7319 to learn more about the APIs that we suspect might involve future changes. You can silence this warning by calling torchvision.disable_beta_transforms_warning().
  warnings.warn(_BETA_TRANSFORMS_WARNING)
/MAHTI_TYKKY_SzhgKad/miniforge/envs/env1/lib/python3.8/site-packages/torchvision/datapoints/__init__.py:12: UserWarning: The torchvision.datapoints and torchvision.transforms.v2 namespaces are still Beta. While we do not expect major breaking changes, some APIs may still change according to user feedback. Please submit any feedback you may have in this issue: https://github.com/pytorch/vision/issues/6753, and you can also check out https://github.com/pytorch/vision/issues/7319 to learn more about the APIs that we suspect might involve future changes. You can silence this warning by calling torchvision.disable_beta_transforms_warning().
  warnings.warn(_BETA_TRANSFORMS_WARNING)
/MAHTI_TYKKY_SzhgKad/miniforge/envs/env1/lib/python3.8/site-packages/torchvision/transforms/v2/__init__.py:54: UserWarning: The torchvision.datapoints and torchvision.transforms.v2 namespaces are still Beta. While we do not expect major breaking changes, some APIs may still change according to user feedback. Please submit any feedback you may have in this issue: https://github.com/pytorch/vision/issues/6753, and you can also check out https://github.com/pytorch/vision/issues/7319 to learn more about the APIs that we suspect might involve future changes. You can silence this warning by calling torchvision.disable_beta_transforms_warning().
  warnings.warn(_BETA_TRANSFORMS_WARNING)
/MAHTI_TYKKY_SzhgKad/miniforge/envs/env1/lib/python3.8/site-packages/torchvision/transforms/v2/__init__.py:54: UserWarning: The torchvision.datapoints and torchvision.transforms.v2 namespaces are still Beta. While we do not expect major breaking changes, some APIs may still change according to user feedback. Please submit any feedback you may have in this issue: https://github.com/pytorch/vision/issues/6753, and you can also check out https://github.com/pytorch/vision/issues/7319 to learn more about the APIs that we suspect might involve future changes. You can silence this warning by calling torchvision.disable_beta_transforms_warning().
  warnings.warn(_BETA_TRANSFORMS_WARNING)
/MAHTI_TYKKY_SzhgKad/miniforge/envs/env1/lib/python3.8/site-packages/torchvision/transforms/v2/__init__.py:54: UserWarning: The torchvision.datapoints and torchvision.transforms.v2 namespaces are still Beta. While we do not expect major breaking changes, some APIs may still change according to user feedback. Please submit any feedback you may have in this issue: https://github.com/pytorch/vision/issues/6753, and you can also check out https://github.com/pytorch/vision/issues/7319 to learn more about the APIs that we suspect might involve future changes. You can silence this warning by calling torchvision.disable_beta_transforms_warning().
  warnings.warn(_BETA_TRANSFORMS_WARNING)
/MAHTI_TYKKY_SzhgKad/miniforge/envs/env1/lib/python3.8/site-packages/torchvision/transforms/v2/__init__.py:54: UserWarning: The torchvision.datapoints and torchvision.transforms.v2 namespaces are still Beta. While we do not expect major breaking changes, some APIs may still change according to user feedback. Please submit any feedback you may have in this issue: https://github.com/pytorch/vision/issues/6753, and you can also check out https://github.com/pytorch/vision/issues/7319 to learn more about the APIs that we suspect might involve future changes. You can silence this warning by calling torchvision.disable_beta_transforms_warning().
  warnings.warn(_BETA_TRANSFORMS_WARNING)
Traceback (most recent call last):
Traceback (most recent call last):
Traceback (most recent call last):
Traceback (most recent call last):
  File "/projappl/project_2014099/lmdrive-obj/LAVIS/train.py", line 18, in <module>
  File "/projappl/project_2014099/lmdrive-obj/LAVIS/train.py", line 18, in <module>
  File "/projappl/project_2014099/lmdrive-obj/LAVIS/train.py", line 18, in <module>
  File "/projappl/project_2014099/lmdrive-obj/LAVIS/train.py", line 18, in <module>
    import lavis.tasks as tasks
  File "/projappl/project_2014099/lmdrive-obj/LAVIS/lavis/__init__.py", line 16, in <module>
        import lavis.tasks as tasksimport lavis.tasks as tasks

  File "/projappl/project_2014099/lmdrive-obj/LAVIS/lavis/__init__.py", line 16, in <module>
  File "/projappl/project_2014099/lmdrive-obj/LAVIS/lavis/__init__.py", line 16, in <module>
    from lavis.models import drive_models, gpt_models, blip2_models
      File "/projappl/project_2014099/lmdrive-obj/LAVIS/lavis/models/__init__.py", line 43, in <module>
from lavis.models import drive_models, gpt_models, blip2_models    
import lavis.tasks as tasks  File "/projappl/project_2014099/lmdrive-obj/LAVIS/lavis/models/__init__.py", line 43, in <module>
    
from lavis.models import drive_models, gpt_models, blip2_models  File "/projappl/project_2014099/lmdrive-obj/LAVIS/lavis/__init__.py", line 16, in <module>

  File "/projappl/project_2014099/lmdrive-obj/LAVIS/lavis/models/__init__.py", line 43, in <module>
    from lavis.models import drive_models, gpt_models, blip2_models
  File "/projappl/project_2014099/lmdrive-obj/LAVIS/lavis/models/__init__.py", line 43, in <module>
            from lavis.models.blip_diffusion_models.blip_diffusion import BlipDiffusionfrom lavis.models.blip_diffusion_models.blip_diffusion import BlipDiffusionfrom lavis.models.blip_diffusion_models.blip_diffusion import BlipDiffusion

    
  File "/projappl/project_2014099/lmdrive-obj/LAVIS/lavis/models/blip_diffusion_models/blip_diffusion.py", line 31, in <module>
  File "/projappl/project_2014099/lmdrive-obj/LAVIS/lavis/models/blip_diffusion_models/blip_diffusion.py", line 31, in <module>
from lavis.models.blip_diffusion_models.blip_diffusion import BlipDiffusion  File "/projappl/project_2014099/lmdrive-obj/LAVIS/lavis/models/blip_diffusion_models/blip_diffusion.py", line 31, in <module>

  File "/projappl/project_2014099/lmdrive-obj/LAVIS/lavis/models/blip_diffusion_models/blip_diffusion.py", line 31, in <module>
            from lavis.models.blip_diffusion_models.ptp_utils import (from lavis.models.blip_diffusion_models.ptp_utils import (from lavis.models.blip_diffusion_models.ptp_utils import (

    
  File "/projappl/project_2014099/lmdrive-obj/LAVIS/lavis/models/blip_diffusion_models/ptp_utils.py", line 22, in <module>
  File "/projappl/project_2014099/lmdrive-obj/LAVIS/lavis/models/blip_diffusion_models/ptp_utils.py", line 22, in <module>
from lavis.models.blip_diffusion_models.ptp_utils import (  File "/projappl/project_2014099/lmdrive-obj/LAVIS/lavis/models/blip_diffusion_models/ptp_utils.py", line 22, in <module>

  File "/projappl/project_2014099/lmdrive-obj/LAVIS/lavis/models/blip_diffusion_models/ptp_utils.py", line 22, in <module>
            from IPython.display import displayfrom IPython.display import displayfrom IPython.display import display
    

  File "/MAHTI_TYKKY_SzhgKad/miniforge/envs/env1/lib/python3.8/site-packages/IPython/__init__.py", line 53, in <module>
from IPython.display import display  File "/MAHTI_TYKKY_SzhgKad/miniforge/envs/env1/lib/python3.8/site-packages/IPython/__init__.py", line 53, in <module>
  File "/MAHTI_TYKKY_SzhgKad/miniforge/envs/env1/lib/python3.8/site-packages/IPython/__init__.py", line 53, in <module>

  File "/MAHTI_TYKKY_SzhgKad/miniforge/envs/env1/lib/python3.8/site-packages/IPython/__init__.py", line 53, in <module>
            from .terminal.embed import embedfrom .terminal.embed import embed    from .terminal.embed import embed

from .terminal.embed import embed
  File "/MAHTI_TYKKY_SzhgKad/miniforge/envs/env1/lib/python3.8/site-packages/IPython/terminal/embed.py", line 15, in <module>
  File "/MAHTI_TYKKY_SzhgKad/miniforge/envs/env1/lib/python3.8/site-packages/IPython/terminal/embed.py", line 15, in <module>

  File "/MAHTI_TYKKY_SzhgKad/miniforge/envs/env1/lib/python3.8/site-packages/IPython/terminal/embed.py", line 15, in <module>
  File "/MAHTI_TYKKY_SzhgKad/miniforge/envs/env1/lib/python3.8/site-packages/IPython/terminal/embed.py", line 15, in <module>
                from IPython.core.interactiveshell import DummyMod, InteractiveShellfrom IPython.core.interactiveshell import DummyMod, InteractiveShellfrom IPython.core.interactiveshell import DummyMod, InteractiveShellfrom IPython.core.interactiveshell import DummyMod, InteractiveShell



  File "/MAHTI_TYKKY_SzhgKad/miniforge/envs/env1/lib/python3.8/site-packages/IPython/core/interactiveshell.py", line 73, in <module>
  File "/MAHTI_TYKKY_SzhgKad/miniforge/envs/env1/lib/python3.8/site-packages/IPython/core/interactiveshell.py", line 73, in <module>
  File "/MAHTI_TYKKY_SzhgKad/miniforge/envs/env1/lib/python3.8/site-packages/IPython/core/interactiveshell.py", line 73, in <module>
  File "/MAHTI_TYKKY_SzhgKad/miniforge/envs/env1/lib/python3.8/site-packages/IPython/core/interactiveshell.py", line 73, in <module>
                from IPython.core.history import HistoryManagerfrom IPython.core.history import HistoryManagerfrom IPython.core.history import HistoryManagerfrom IPython.core.history import HistoryManager



  File "/MAHTI_TYKKY_SzhgKad/miniforge/envs/env1/lib/python3.8/site-packages/IPython/core/history.py", line 11, in <module>
  File "/MAHTI_TYKKY_SzhgKad/miniforge/envs/env1/lib/python3.8/site-packages/IPython/core/history.py", line 11, in <module>
  File "/MAHTI_TYKKY_SzhgKad/miniforge/envs/env1/lib/python3.8/site-packages/IPython/core/history.py", line 11, in <module>
  File "/MAHTI_TYKKY_SzhgKad/miniforge/envs/env1/lib/python3.8/site-packages/IPython/core/history.py", line 11, in <module>
                import sqlite3import sqlite3import sqlite3import sqlite3



  File "/MAHTI_TYKKY_SzhgKad/miniforge/envs/env1/lib/python3.8/sqlite3/__init__.py", line 23, in <module>
  File "/MAHTI_TYKKY_SzhgKad/miniforge/envs/env1/lib/python3.8/sqlite3/__init__.py", line 23, in <module>
  File "/MAHTI_TYKKY_SzhgKad/miniforge/envs/env1/lib/python3.8/sqlite3/__init__.py", line 23, in <module>
  File "/MAHTI_TYKKY_SzhgKad/miniforge/envs/env1/lib/python3.8/sqlite3/__init__.py", line 23, in <module>
            from sqlite3.dbapi2 import *from sqlite3.dbapi2 import *    from sqlite3.dbapi2 import *

from sqlite3.dbapi2 import *
  File "/MAHTI_TYKKY_SzhgKad/miniforge/envs/env1/lib/python3.8/sqlite3/dbapi2.py", line 27, in <module>
  File "/MAHTI_TYKKY_SzhgKad/miniforge/envs/env1/lib/python3.8/sqlite3/dbapi2.py", line 27, in <module>

  File "/MAHTI_TYKKY_SzhgKad/miniforge/envs/env1/lib/python3.8/sqlite3/dbapi2.py", line 27, in <module>
  File "/MAHTI_TYKKY_SzhgKad/miniforge/envs/env1/lib/python3.8/sqlite3/dbapi2.py", line 27, in <module>
        from _sqlite3 import *    from _sqlite3 import *
    from _sqlite3 import *
ImportErrorfrom _sqlite3 import *
ImportError: 
ImportError: /lib64/libstdc++.so.6: version `CXXABI_1.3.15' not found (required by /MAHTI_TYKKY_SzhgKad/miniforge/envs/env1/lib/python3.8/lib-dynload/../.././libicui18n.so.78)ImportError: /lib64/libstdc++.so.6: version `CXXABI_1.3.15' not found (required by /MAHTI_TYKKY_SzhgKad/miniforge/envs/env1/lib/python3.8/lib-dynload/../.././libicui18n.so.78)
: /lib64/libstdc++.so.6: version `CXXABI_1.3.15' not found (required by /MAHTI_TYKKY_SzhgKad/miniforge/envs/env1/lib/python3.8/lib-dynload/../.././libicui18n.so.78)
/lib64/libstdc++.so.6: version `CXXABI_1.3.15' not found (required by /MAHTI_TYKKY_SzhgKad/miniforge/envs/env1/lib/python3.8/lib-dynload/../.././libicui18n.so.78)

ERROR:torch.distributed.elastic.multiprocessing.api:failed (exitcode: 1) local_rank: 0 (pid: 2019691) of binary: /projappl/project_2014099/env-lmdrive-original/bin/python
Traceback (most recent call last):
  File "/MAHTI_TYKKY_SzhgKad/miniforge/envs/env1/lib/python3.8/runpy.py", line 194, in _run_module_as_main
    return _run_code(code, main_globals, None,
  File "/MAHTI_TYKKY_SzhgKad/miniforge/envs/env1/lib/python3.8/runpy.py", line 87, in _run_code
    exec(code, run_globals)
  File "/MAHTI_TYKKY_SzhgKad/miniforge/envs/env1/lib/python3.8/site-packages/torch/distributed/run.py", line 798, in <module>
    main()
  File "/MAHTI_TYKKY_SzhgKad/miniforge/envs/env1/lib/python3.8/site-packages/torch/distributed/elastic/multiprocessing/errors/__init__.py", line 346, in wrapper
    return f(*args, **kwargs)
  File "/MAHTI_TYKKY_SzhgKad/miniforge/envs/env1/lib/python3.8/site-packages/torch/distributed/run.py", line 794, in main
    run(args)
  File "/MAHTI_TYKKY_SzhgKad/miniforge/envs/env1/lib/python3.8/site-packages/torch/distributed/run.py", line 785, in run
    elastic_launch(
  File "/MAHTI_TYKKY_SzhgKad/miniforge/envs/env1/lib/python3.8/site-packages/torch/distributed/launcher/api.py", line 134, in __call__
    return launch_agent(self._config, self._entrypoint, list(args))
  File "/MAHTI_TYKKY_SzhgKad/miniforge/envs/env1/lib/python3.8/site-packages/torch/distributed/launcher/api.py", line 250, in launch_agent
    raise ChildFailedError(
torch.distributed.elastic.multiprocessing.errors.ChildFailedError: 
============================================================
/projappl/project_2014099/lmdrive-obj/LAVIS/train.py FAILED
------------------------------------------------------------
Failures:
[1]:
  time      : 2025-12-26_19:27:35
  host      : g1101.mahti.csc.fi
  rank      : 1 (local_rank: 1)
  exitcode  : 1 (pid: 2019692)
  error_file: <N/A>
  traceback : To enable traceback see: https://pytorch.org/docs/stable/elastic/errors.html
[2]:
  time      : 2025-12-26_19:27:35
  host      : g1101.mahti.csc.fi
  rank      : 2 (local_rank: 2)
  exitcode  : 1 (pid: 2019693)
  error_file: <N/A>
  traceback : To enable traceback see: https://pytorch.org/docs/stable/elastic/errors.html
[3]:
  time      : 2025-12-26_19:27:35
  host      : g1101.mahti.csc.fi
  rank      : 3 (local_rank: 3)
  exitcode  : 1 (pid: 2019694)
  error_file: <N/A>
  traceback : To enable traceback see: https://pytorch.org/docs/stable/elastic/errors.html
------------------------------------------------------------
Root Cause (first observed failure):
[0]:
  time      : 2025-12-26_19:27:35
  host      : g1101.mahti.csc.fi
  rank      : 0 (local_rank: 0)
  exitcode  : 1 (pid: 2019691)
  error_file: <N/A>
  traceback : To enable traceback see: https://pytorch.org/docs/stable/elastic/errors.html
============================================================
